{"/home/marka/projects/users-backend-typescript/src/app.ts": {"path":"/home/marka/projects/users-backend-typescript/src/app.ts","statementMap":{"0":{"start":{"line":1,"column":0},"end":{"line":1,"column":30}},"1":{"start":{"line":2,"column":0},"end":{"line":2,"column":28}},"2":{"start":{"line":3,"column":0},"end":{"line":3,"column":28}},"3":{"start":{"line":4,"column":0},"end":{"line":4,"column":24}},"4":{"start":{"line":5,"column":0},"end":{"line":5,"column":46}},"5":{"start":{"line":6,"column":0},"end":{"line":6,"column":46}},"6":{"start":{"line":7,"column":0},"end":{"line":7,"column":46}},"7":{"start":{"line":8,"column":0},"end":{"line":8,"column":61}},"8":{"start":{"line":9,"column":0},"end":{"line":9,"column":62}},"9":{"start":{"line":10,"column":0},"end":{"line":10,"column":41}},"10":{"start":{"line":12,"column":0},"end":{"line":12,"column":16}},"11":{"start":{"line":14,"column":12},"end":{"line":14,"column":21}},"12":{"start":{"line":16,"column":0},"end":{"line":16,"column":18}},"13":{"start":{"line":18,"column":0},"end":{"line":18,"column":23}},"14":{"start":{"line":19,"column":0},"end":{"line":19,"column":16}},"15":{"start":{"line":20,"column":0},"end":{"line":20,"column":24}},"16":{"start":{"line":22,"column":0},"end":{"line":25,"column":4}},"17":{"start":{"line":27,"column":0},"end":{"line":27,"column":33}},"18":{"start":{"line":28,"column":0},"end":{"line":28,"column":34}},"19":{"start":{"line":29,"column":0},"end":{"line":29,"column":34}},"20":{"start":{"line":31,"column":0},"end":{"line":31,"column":18}},"21":{"start":{"line":32,"column":0},"end":{"line":32,"column":22}},"22":{"start":{"line":34,"column":0},"end":{"line":34,"column":19}}},"fnMap":{},"branchMap":{},"s":{"0":1,"1":1,"2":1,"3":1,"4":1,"5":1,"6":1,"7":1,"8":1,"9":1,"10":1,"11":1,"12":1,"13":1,"14":1,"15":1,"16":1,"17":1,"18":1,"19":1,"20":1,"21":1,"22":1},"f":{},"b":{}}
,"/home/marka/projects/users-backend-typescript/src/swagger.ts": {"path":"/home/marka/projects/users-backend-typescript/src/swagger.ts","statementMap":{"0":{"start":{"line":1,"column":0},"end":{"line":1,"column":41}},"1":{"start":{"line":2,"column":0},"end":{"line":2,"column":43}},"2":{"start":{"line":3,"column":0},"end":{"line":3,"column":52}},"3":{"start":{"line":5,"column":0},"end":{"line":5,"column":39}},"4":{"start":{"line":6,"column":0},"end":{"line":6,"column":39}},"5":{"start":{"line":8,"column":38},"end":{"line":42,"column":2}},"6":{"start":{"line":44,"column":13},"end":{"line":44,"column":49}},"7":{"start":{"line":46,"column":28},"end":{"line":48,"column":1}},"8":{"start":{"line":47,"column":2},"end":{"line":47,"column":70}},"9":{"start":{"line":46,"column":13},"end":{"line":46,"column":28}}},"fnMap":{"0":{"name":"(anonymous_1)","decl":{"start":{"line":46,"column":28},"end":{"line":46,"column":29}},"loc":{"start":{"line":46,"column":45},"end":{"line":48,"column":1}}}},"branchMap":{},"s":{"0":1,"1":1,"2":1,"3":1,"4":1,"5":1,"6":1,"7":1,"8":1,"9":1},"f":{"0":1},"b":{}}
,"/home/marka/projects/users-backend-typescript/src/controllers/auth.controller.ts": {"path":"/home/marka/projects/users-backend-typescript/src/controllers/auth.controller.ts","statementMap":{"0":{"start":{"line":2,"column":0},"end":{"line":2,"column":56}},"1":{"start":{"line":3,"column":0},"end":{"line":3,"column":56}},"2":{"start":{"line":5,"column":24},"end":{"line":13,"column":1}},"3":{"start":{"line":6,"column":2},"end":{"line":12,"column":30}},"4":{"start":{"line":7,"column":21},"end":{"line":7,"column":76}},"5":{"start":{"line":8,"column":4},"end":{"line":8,"column":74}},"6":{"start":{"line":8,"column":18},"end":{"line":8,"column":74}},"7":{"start":{"line":9,"column":20},"end":{"line":9,"column":58}},"8":{"start":{"line":11,"column":4},"end":{"line":11,"column":57}},"9":{"start":{"line":12,"column":18},"end":{"line":12,"column":28}},"10":{"start":{"line":5,"column":13},"end":{"line":5,"column":24}},"11":{"start":{"line":15,"column":21},"end":{"line":22,"column":1}},"12":{"start":{"line":16,"column":2},"end":{"line":21,"column":30}},"13":{"start":{"line":17,"column":35},"end":{"line":17,"column":43}},"14":{"start":{"line":18,"column":19},"end":{"line":18,"column":62}},"15":{"start":{"line":19,"column":4},"end":{"line":19,"column":81}},"16":{"start":{"line":19,"column":17},"end":{"line":19,"column":81}},"17":{"start":{"line":20,"column":4},"end":{"line":20,"column":101}},"18":{"start":{"line":21,"column":18},"end":{"line":21,"column":28}},"19":{"start":{"line":15,"column":13},"end":{"line":15,"column":21}},"20":{"start":{"line":24,"column":18},"end":{"line":28,"column":1}},"21":{"start":{"line":25,"column":2},"end":{"line":25,"column":31}},"22":{"start":{"line":26,"column":2},"end":{"line":26,"column":79}},"23":{"start":{"line":26,"column":17},"end":{"line":26,"column":79}},"24":{"start":{"line":27,"column":2},"end":{"line":27,"column":21}},"25":{"start":{"line":24,"column":13},"end":{"line":24,"column":18}},"26":{"start":{"line":30,"column":27},"end":{"line":38,"column":1}},"27":{"start":{"line":31,"column":2},"end":{"line":37,"column":28}},"28":{"start":{"line":32,"column":22},"end":{"line":32,"column":30}},"29":{"start":{"line":33,"column":19},"end":{"line":33,"column":55}},"30":{"start":{"line":34,"column":4},"end":{"line":34,"column":96}},"31":{"start":{"line":34,"column":24},"end":{"line":34,"column":96}},"32":{"start":{"line":35,"column":4},"end":{"line":35,"column":63}},"33":{"start":{"line":37,"column":16},"end":{"line":37,"column":26}},"34":{"start":{"line":30,"column":13},"end":{"line":30,"column":27}}},"fnMap":{"0":{"name":"(anonymous_9)","decl":{"start":{"line":5,"column":24},"end":{"line":5,"column":29}},"loc":{"start":{"line":5,"column":82},"end":{"line":13,"column":1}}},"1":{"name":"(anonymous_10)","decl":{"start":{"line":15,"column":21},"end":{"line":15,"column":26}},"loc":{"start":{"line":15,"column":79},"end":{"line":22,"column":1}}},"2":{"name":"(anonymous_11)","decl":{"start":{"line":24,"column":18},"end":{"line":24,"column":23}},"loc":{"start":{"line":24,"column":77},"end":{"line":28,"column":1}}},"3":{"name":"(anonymous_12)","decl":{"start":{"line":30,"column":27},"end":{"line":30,"column":32}},"loc":{"start":{"line":30,"column":85},"end":{"line":38,"column":1}}}},"branchMap":{"0":{"loc":{"start":{"line":8,"column":4},"end":{"line":8,"column":74}},"type":"if","locations":[{"start":{"line":8,"column":4},"end":{"line":8,"column":74}}]},"1":{"loc":{"start":{"line":19,"column":4},"end":{"line":19,"column":81}},"type":"if","locations":[{"start":{"line":19,"column":4},"end":{"line":19,"column":81}}]},"2":{"loc":{"start":{"line":26,"column":2},"end":{"line":26,"column":79}},"type":"if","locations":[{"start":{"line":26,"column":2},"end":{"line":26,"column":79}}]},"3":{"loc":{"start":{"line":34,"column":4},"end":{"line":34,"column":96}},"type":"if","locations":[{"start":{"line":34,"column":4},"end":{"line":34,"column":96}}]}},"s":{"0":2,"1":2,"2":2,"3":1,"4":1,"5":1,"6":0,"7":1,"8":0,"9":1,"10":2,"11":2,"12":2,"13":2,"14":2,"15":2,"16":1,"17":1,"18":0,"19":2,"20":2,"21":0,"22":0,"23":0,"24":0,"25":2,"26":2,"27":0,"28":0,"29":0,"30":0,"31":0,"32":0,"33":0,"34":2},"f":{"0":1,"1":2,"2":0,"3":0},"b":{"0":[0],"1":[1],"2":[0],"3":[0]}}
,"/home/marka/projects/users-backend-typescript/src/controllers/role.controller.ts": {"path":"/home/marka/projects/users-backend-typescript/src/controllers/role.controller.ts","statementMap":{"0":{"start":{"line":2,"column":0},"end":{"line":2,"column":56}},"1":{"start":{"line":4,"column":22},"end":{"line":9,"column":1}},"2":{"start":{"line":5,"column":2},"end":{"line":8,"column":30}},"3":{"start":{"line":6,"column":14},"end":{"line":6,"column":52}},"4":{"start":{"line":7,"column":4},"end":{"line":7,"column":28}},"5":{"start":{"line":8,"column":18},"end":{"line":8,"column":28}},"6":{"start":{"line":4,"column":13},"end":{"line":4,"column":22}},"7":{"start":{"line":11,"column":20},"end":{"line":16,"column":1}},"8":{"start":{"line":12,"column":2},"end":{"line":15,"column":30}},"9":{"start":{"line":13,"column":15},"end":{"line":13,"column":47}},"10":{"start":{"line":14,"column":4},"end":{"line":14,"column":17}},"11":{"start":{"line":15,"column":18},"end":{"line":15,"column":28}},"12":{"start":{"line":11,"column":13},"end":{"line":11,"column":20}},"13":{"start":{"line":18,"column":22},"end":{"line":23,"column":1}},"14":{"start":{"line":19,"column":2},"end":{"line":22,"column":30}},"15":{"start":{"line":20,"column":14},"end":{"line":20,"column":68}},"16":{"start":{"line":21,"column":4},"end":{"line":21,"column":16}},"17":{"start":{"line":22,"column":18},"end":{"line":22,"column":28}},"18":{"start":{"line":18,"column":13},"end":{"line":18,"column":22}},"19":{"start":{"line":25,"column":22},"end":{"line":30,"column":1}},"20":{"start":{"line":26,"column":2},"end":{"line":29,"column":30}},"21":{"start":{"line":27,"column":14},"end":{"line":27,"column":58}},"22":{"start":{"line":28,"column":4},"end":{"line":28,"column":31}},"23":{"start":{"line":29,"column":18},"end":{"line":29,"column":28}},"24":{"start":{"line":25,"column":13},"end":{"line":25,"column":22}}},"fnMap":{"0":{"name":"(anonymous_9)","decl":{"start":{"line":4,"column":22},"end":{"line":4,"column":27}},"loc":{"start":{"line":4,"column":80},"end":{"line":9,"column":1}}},"1":{"name":"(anonymous_10)","decl":{"start":{"line":11,"column":20},"end":{"line":11,"column":25}},"loc":{"start":{"line":11,"column":79},"end":{"line":16,"column":1}}},"2":{"name":"(anonymous_11)","decl":{"start":{"line":18,"column":22},"end":{"line":18,"column":27}},"loc":{"start":{"line":18,"column":80},"end":{"line":23,"column":1}}},"3":{"name":"(anonymous_12)","decl":{"start":{"line":25,"column":22},"end":{"line":25,"column":27}},"loc":{"start":{"line":25,"column":80},"end":{"line":30,"column":1}}}},"branchMap":{},"s":{"0":2,"1":2,"2":1,"3":1,"4":1,"5":0,"6":2,"7":2,"8":1,"9":1,"10":1,"11":0,"12":2,"13":2,"14":0,"15":0,"16":0,"17":0,"18":2,"19":2,"20":0,"21":0,"22":0,"23":0,"24":2},"f":{"0":1,"1":1,"2":0,"3":0},"b":{}}
,"/home/marka/projects/users-backend-typescript/src/controllers/user.controller.ts": {"path":"/home/marka/projects/users-backend-typescript/src/controllers/user.controller.ts","statementMap":{"0":{"start":{"line":2,"column":0},"end":{"line":2,"column":56}},"1":{"start":{"line":6,"column":22},"end":{"line":13,"column":1}},"2":{"start":{"line":7,"column":2},"end":{"line":12,"column":3}},"3":{"start":{"line":8,"column":19},"end":{"line":8,"column":48}},"4":{"start":{"line":9,"column":4},"end":{"line":9,"column":33}},"5":{"start":{"line":11,"column":4},"end":{"line":11,"column":14}},"6":{"start":{"line":6,"column":13},"end":{"line":6,"column":22}},"7":{"start":{"line":15,"column":26},"end":{"line":24,"column":1}},"8":{"start":{"line":16,"column":2},"end":{"line":23,"column":3}},"9":{"start":{"line":17,"column":23},"end":{"line":17,"column":37}},"10":{"start":{"line":18,"column":19},"end":{"line":18,"column":53}},"11":{"start":{"line":19,"column":4},"end":{"line":19,"column":82}},"12":{"start":{"line":19,"column":17},"end":{"line":19,"column":82}},"13":{"start":{"line":20,"column":4},"end":{"line":20,"column":33}},"14":{"start":{"line":22,"column":4},"end":{"line":22,"column":14}},"15":{"start":{"line":15,"column":13},"end":{"line":15,"column":26}},"16":{"start":{"line":26,"column":29},"end":{"line":35,"column":1}},"17":{"start":{"line":27,"column":2},"end":{"line":34,"column":3}},"18":{"start":{"line":28,"column":26},"end":{"line":28,"column":43}},"19":{"start":{"line":29,"column":19},"end":{"line":29,"column":59}},"20":{"start":{"line":30,"column":4},"end":{"line":30,"column":85}},"21":{"start":{"line":30,"column":17},"end":{"line":30,"column":85}},"22":{"start":{"line":31,"column":4},"end":{"line":31,"column":33}},"23":{"start":{"line":33,"column":4},"end":{"line":33,"column":14}},"24":{"start":{"line":26,"column":13},"end":{"line":26,"column":29}},"25":{"start":{"line":37,"column":22},"end":{"line":48,"column":1}},"26":{"start":{"line":38,"column":2},"end":{"line":47,"column":3}},"27":{"start":{"line":39,"column":32},"end":{"line":39,"column":40}},"28":{"start":{"line":40,"column":19},"end":{"line":40,"column":53}},"29":{"start":{"line":41,"column":4},"end":{"line":43,"column":5}},"30":{"start":{"line":42,"column":6},"end":{"line":42,"column":67}},"31":{"start":{"line":44,"column":4},"end":{"line":44,"column":33}},"32":{"start":{"line":46,"column":4},"end":{"line":46,"column":14}},"33":{"start":{"line":37,"column":13},"end":{"line":37,"column":22}},"34":{"start":{"line":50,"column":22},"end":{"line":65,"column":1}},"35":{"start":{"line":51,"column":2},"end":{"line":64,"column":3}},"36":{"start":{"line":52,"column":29},"end":{"line":52,"column":49}},"37":{"start":{"line":53,"column":32},"end":{"line":53,"column":40}},"38":{"start":{"line":55,"column":19},"end":{"line":55,"column":63}},"39":{"start":{"line":57,"column":4},"end":{"line":59,"column":5}},"40":{"start":{"line":58,"column":6},"end":{"line":58,"column":65}},"41":{"start":{"line":61,"column":4},"end":{"line":61,"column":33}},"42":{"start":{"line":63,"column":4},"end":{"line":63,"column":14}},"43":{"start":{"line":50,"column":13},"end":{"line":50,"column":22}},"44":{"start":{"line":67,"column":22},"end":{"line":78,"column":1}},"45":{"start":{"line":68,"column":2},"end":{"line":77,"column":3}},"46":{"start":{"line":69,"column":29},"end":{"line":69,"column":49}},"47":{"start":{"line":70,"column":19},"end":{"line":70,"column":57}},"48":{"start":{"line":71,"column":4},"end":{"line":73,"column":5}},"49":{"start":{"line":72,"column":6},"end":{"line":72,"column":65}},"50":{"start":{"line":74,"column":4},"end":{"line":74,"column":46}},"51":{"start":{"line":76,"column":4},"end":{"line":76,"column":14}},"52":{"start":{"line":67,"column":13},"end":{"line":67,"column":22}}},"fnMap":{"0":{"name":"(anonymous_9)","decl":{"start":{"line":6,"column":22},"end":{"line":6,"column":27}},"loc":{"start":{"line":6,"column":80},"end":{"line":13,"column":1}}},"1":{"name":"(anonymous_10)","decl":{"start":{"line":15,"column":26},"end":{"line":15,"column":31}},"loc":{"start":{"line":15,"column":84},"end":{"line":24,"column":1}}},"2":{"name":"(anonymous_11)","decl":{"start":{"line":26,"column":29},"end":{"line":26,"column":34}},"loc":{"start":{"line":26,"column":87},"end":{"line":35,"column":1}}},"3":{"name":"(anonymous_12)","decl":{"start":{"line":37,"column":22},"end":{"line":37,"column":27}},"loc":{"start":{"line":37,"column":80},"end":{"line":48,"column":1}}},"4":{"name":"(anonymous_13)","decl":{"start":{"line":50,"column":22},"end":{"line":50,"column":27}},"loc":{"start":{"line":50,"column":80},"end":{"line":65,"column":1}}},"5":{"name":"(anonymous_14)","decl":{"start":{"line":67,"column":22},"end":{"line":67,"column":27}},"loc":{"start":{"line":67,"column":80},"end":{"line":78,"column":1}}}},"branchMap":{"0":{"loc":{"start":{"line":19,"column":4},"end":{"line":19,"column":82}},"type":"if","locations":[{"start":{"line":19,"column":4},"end":{"line":19,"column":82}}]},"1":{"loc":{"start":{"line":30,"column":4},"end":{"line":30,"column":85}},"type":"if","locations":[{"start":{"line":30,"column":4},"end":{"line":30,"column":85}}]},"2":{"loc":{"start":{"line":41,"column":4},"end":{"line":43,"column":5}},"type":"if","locations":[{"start":{"line":41,"column":4},"end":{"line":43,"column":5}}]},"3":{"loc":{"start":{"line":57,"column":4},"end":{"line":59,"column":5}},"type":"if","locations":[{"start":{"line":57,"column":4},"end":{"line":59,"column":5}}]},"4":{"loc":{"start":{"line":71,"column":4},"end":{"line":73,"column":5}},"type":"if","locations":[{"start":{"line":71,"column":4},"end":{"line":73,"column":5}}]}},"s":{"0":2,"1":2,"2":1,"3":1,"4":1,"5":0,"6":2,"7":2,"8":0,"9":0,"10":0,"11":0,"12":0,"13":0,"14":0,"15":2,"16":2,"17":0,"18":0,"19":0,"20":0,"21":0,"22":0,"23":0,"24":2,"25":2,"26":1,"27":1,"28":1,"29":1,"30":0,"31":1,"32":0,"33":2,"34":2,"35":0,"36":0,"37":0,"38":0,"39":0,"40":0,"41":0,"42":0,"43":2,"44":2,"45":0,"46":0,"47":0,"48":0,"49":0,"50":0,"51":0,"52":2},"f":{"0":1,"1":0,"2":0,"3":1,"4":0,"5":0},"b":{"0":[0],"1":[0],"2":[0],"3":[0],"4":[0]}}
,"/home/marka/projects/users-backend-typescript/src/dao/user.dao.ts": {"path":"/home/marka/projects/users-backend-typescript/src/dao/user.dao.ts","statementMap":{"0":{"start":{"line":1,"column":0},"end":{"line":1,"column":51}},"1":{"start":{"line":9,"column":23},"end":{"line":11,"column":1}},"2":{"start":{"line":10,"column":2},"end":{"line":10,"column":59}},"3":{"start":{"line":9,"column":13},"end":{"line":9,"column":23}},"4":{"start":{"line":13,"column":24},"end":{"line":15,"column":1}},"5":{"start":{"line":14,"column":2},"end":{"line":14,"column":65}},"6":{"start":{"line":13,"column":13},"end":{"line":13,"column":24}},"7":{"start":{"line":17,"column":27},"end":{"line":19,"column":1}},"8":{"start":{"line":18,"column":2},"end":{"line":18,"column":77}},"9":{"start":{"line":17,"column":13},"end":{"line":17,"column":27}},"10":{"start":{"line":21,"column":26},"end":{"line":24,"column":1}},"11":{"start":{"line":22,"column":15},"end":{"line":22,"column":29}},"12":{"start":{"line":23,"column":2},"end":{"line":23,"column":27}},"13":{"start":{"line":21,"column":13},"end":{"line":21,"column":26}},"14":{"start":{"line":26,"column":26},"end":{"line":28,"column":1}},"15":{"start":{"line":27,"column":2},"end":{"line":27,"column":114}},"16":{"start":{"line":26,"column":13},"end":{"line":26,"column":26}},"17":{"start":{"line":30,"column":26},"end":{"line":33,"column":1}},"18":{"start":{"line":31,"column":17},"end":{"line":31,"column":65}},"19":{"start":{"line":32,"column":2},"end":{"line":32,"column":18}},"20":{"start":{"line":30,"column":13},"end":{"line":30,"column":26}}},"fnMap":{"0":{"name":"(anonymous_1)","decl":{"start":{"line":9,"column":23},"end":{"line":9,"column":28}},"loc":{"start":{"line":9,"column":52},"end":{"line":11,"column":1}}},"1":{"name":"(anonymous_2)","decl":{"start":{"line":13,"column":24},"end":{"line":13,"column":29}},"loc":{"start":{"line":13,"column":68},"end":{"line":15,"column":1}}},"2":{"name":"(anonymous_3)","decl":{"start":{"line":17,"column":27},"end":{"line":17,"column":32}},"loc":{"start":{"line":17,"column":74},"end":{"line":19,"column":1}}},"3":{"name":"(anonymous_4)","decl":{"start":{"line":21,"column":26},"end":{"line":21,"column":31}},"loc":{"start":{"line":21,"column":73},"end":{"line":24,"column":1}}},"4":{"name":"(anonymous_5)","decl":{"start":{"line":26,"column":26},"end":{"line":26,"column":31}},"loc":{"start":{"line":26,"column":102},"end":{"line":28,"column":1}}},"5":{"name":"(anonymous_6)","decl":{"start":{"line":30,"column":26},"end":{"line":30,"column":31}},"loc":{"start":{"line":30,"column":71},"end":{"line":33,"column":1}}}},"branchMap":{},"s":{"0":3,"1":3,"2":1,"3":3,"4":3,"5":0,"6":3,"7":3,"8":0,"9":3,"10":3,"11":4,"12":4,"13":3,"14":3,"15":0,"16":3,"17":3,"18":0,"19":0,"20":3},"f":{"0":1,"1":0,"2":0,"3":4,"4":0,"5":0},"b":{}}
,"/home/marka/projects/users-backend-typescript/src/mappers/role.mapper.ts": {"path":"/home/marka/projects/users-backend-typescript/src/mappers/role.mapper.ts","statementMap":{"0":{"start":{"line":3,"column":13},"end":{"line":11,"column":2}},"1":{"start":{"line":5,"column":4},"end":{"line":9,"column":6}}},"fnMap":{"0":{"name":"(anonymous_0)","decl":{"start":{"line":4,"column":2},"end":{"line":4,"column":7}},"loc":{"start":{"line":4,"column":17},"end":{"line":10,"column":3}}}},"branchMap":{},"s":{"0":3,"1":3},"f":{"0":3},"b":{}}
,"/home/marka/projects/users-backend-typescript/src/mappers/user.mapper.ts": {"path":"/home/marka/projects/users-backend-typescript/src/mappers/user.mapper.ts","statementMap":{"0":{"start":{"line":3,"column":0},"end":{"line":3,"column":43}},"1":{"start":{"line":5,"column":33},"end":{"line":22,"column":1}},"2":{"start":{"line":6,"column":2},"end":{"line":21,"column":4}},"3":{"start":{"line":14,"column":34},"end":{"line":17,"column":8}},"4":{"start":{"line":20,"column":34},"end":{"line":20,"column":56}},"5":{"start":{"line":5,"column":13},"end":{"line":5,"column":33}}},"fnMap":{"0":{"name":"(anonymous_0)","decl":{"start":{"line":5,"column":33},"end":{"line":5,"column":34}},"loc":{"start":{"line":5,"column":66},"end":{"line":22,"column":1}}},"1":{"name":"(anonymous_1)","decl":{"start":{"line":14,"column":28},"end":{"line":14,"column":29}},"loc":{"start":{"line":14,"column":34},"end":{"line":17,"column":8}}},"2":{"name":"(anonymous_2)","decl":{"start":{"line":20,"column":26},"end":{"line":20,"column":30}},"loc":{"start":{"line":20,"column":34},"end":{"line":20,"column":56}}}},"branchMap":{"0":{"loc":{"start":{"line":9,"column":8},"end":{"line":9,"column":55}},"type":"binary-expr","locations":[{"start":{"line":9,"column":8},"end":{"line":9,"column":22}},{"start":{"line":9,"column":26},"end":{"line":9,"column":55}}]},"1":{"loc":{"start":{"line":10,"column":8},"end":{"line":10,"column":52}},"type":"binary-expr","locations":[{"start":{"line":10,"column":8},"end":{"line":10,"column":21}},{"start":{"line":10,"column":25},"end":{"line":10,"column":52}}]},"2":{"loc":{"start":{"line":11,"column":8},"end":{"line":11,"column":43}},"type":"binary-expr","locations":[{"start":{"line":11,"column":8},"end":{"line":11,"column":18}},{"start":{"line":11,"column":22},"end":{"line":11,"column":43}}]},"3":{"loc":{"start":{"line":12,"column":8},"end":{"line":12,"column":49}},"type":"binary-expr","locations":[{"start":{"line":12,"column":8},"end":{"line":12,"column":20}},{"start":{"line":12,"column":24},"end":{"line":12,"column":49}}]},"4":{"loc":{"start":{"line":13,"column":8},"end":{"line":18,"column":6}},"type":"binary-expr","locations":[{"start":{"line":13,"column":8},"end":{"line":13,"column":18}},{"start":{"line":13,"column":22},"end":{"line":18,"column":6}}]}},"s":{"0":3,"1":3,"2":4,"3":0,"4":3,"5":3},"f":{"0":4,"1":0,"2":3},"b":{"0":[4,0],"1":[4,0],"2":[4,0],"3":[4,3],"4":[4,4]}}
,"/home/marka/projects/users-backend-typescript/src/middlewares/auth.middleware.ts": {"path":"/home/marka/projects/users-backend-typescript/src/middlewares/auth.middleware.ts","statementMap":{"0":{"start":{"line":2,"column":0},"end":{"line":2,"column":47}},"1":{"start":{"line":3,"column":0},"end":{"line":3,"column":28}},"2":{"start":{"line":4,"column":0},"end":{"line":4,"column":16}},"3":{"start":{"line":22,"column":19},"end":{"line":22,"column":41}},"4":{"start":{"line":24,"column":0},"end":{"line":26,"column":1}},"5":{"start":{"line":25,"column":2},"end":{"line":25,"column":65}},"6":{"start":{"line":28,"column":28},"end":{"line":59,"column":1}},"7":{"start":{"line":39,"column":17},"end":{"line":39,"column":42}},"8":{"start":{"line":41,"column":2},"end":{"line":44,"column":3}},"9":{"start":{"line":42,"column":4},"end":{"line":42,"column":81}},"10":{"start":{"line":43,"column":4},"end":{"line":43,"column":11}},"11":{"start":{"line":46,"column":16},"end":{"line":46,"column":36}},"12":{"start":{"line":48,"column":2},"end":{"line":50,"column":3}},"13":{"start":{"line":49,"column":4},"end":{"line":49,"column":77}},"14":{"start":{"line":52,"column":2},"end":{"line":58,"column":3}},"15":{"start":{"line":53,"column":20},"end":{"line":53,"column":49}},"16":{"start":{"line":54,"column":4},"end":{"line":54,"column":23}},"17":{"start":{"line":55,"column":4},"end":{"line":55,"column":11}},"18":{"start":{"line":57,"column":4},"end":{"line":57,"column":66}},"19":{"start":{"line":28,"column":13},"end":{"line":28,"column":28}}},"fnMap":{"0":{"name":"(anonymous_1)","decl":{"start":{"line":28,"column":28},"end":{"line":28,"column":29}},"loc":{"start":{"line":28,"column":80},"end":{"line":59,"column":1}}}},"branchMap":{"0":{"loc":{"start":{"line":24,"column":0},"end":{"line":26,"column":1}},"type":"if","locations":[{"start":{"line":24,"column":0},"end":{"line":26,"column":1}}]},"1":{"loc":{"start":{"line":41,"column":2},"end":{"line":44,"column":3}},"type":"if","locations":[{"start":{"line":41,"column":2},"end":{"line":44,"column":3}}]},"2":{"loc":{"start":{"line":41,"column":6},"end":{"line":41,"column":46}},"type":"binary-expr","locations":[{"start":{"line":41,"column":6},"end":{"line":41,"column":13}},{"start":{"line":41,"column":17},"end":{"line":41,"column":46}}]},"3":{"loc":{"start":{"line":48,"column":2},"end":{"line":50,"column":3}},"type":"if","locations":[{"start":{"line":48,"column":2},"end":{"line":50,"column":3}}]}},"s":{"0":3,"1":3,"2":3,"3":3,"4":3,"5":0,"6":3,"7":2,"8":2,"9":0,"10":0,"11":2,"12":2,"13":0,"14":2,"15":2,"16":2,"17":2,"18":0,"19":3},"f":{"0":2},"b":{"0":[0],"1":[0],"2":[2,2],"3":[0]}}
,"/home/marka/projects/users-backend-typescript/src/middlewares/error.middleware.ts": {"path":"/home/marka/projects/users-backend-typescript/src/middlewares/error.middleware.ts","statementMap":{"0":{"start":{"line":2,"column":0},"end":{"line":2,"column":45}},"1":{"start":{"line":4,"column":28},"end":{"line":34,"column":1}},"2":{"start":{"line":10,"column":2},"end":{"line":10,"column":21}},"3":{"start":{"line":13,"column":2},"end":{"line":18,"column":3}},"4":{"start":{"line":14,"column":4},"end":{"line":17,"column":7}},"5":{"start":{"line":21,"column":2},"end":{"line":27,"column":3}},"6":{"start":{"line":22,"column":4},"end":{"line":26,"column":7}},"7":{"start":{"line":30,"column":2},"end":{"line":33,"column":5}},"8":{"start":{"line":4,"column":13},"end":{"line":4,"column":28}}},"fnMap":{"0":{"name":"(anonymous_0)","decl":{"start":{"line":4,"column":28},"end":{"line":4,"column":null}},"loc":{"start":{"line":9,"column":4},"end":{"line":34,"column":1}}}},"branchMap":{"0":{"loc":{"start":{"line":13,"column":2},"end":{"line":18,"column":3}},"type":"if","locations":[{"start":{"line":13,"column":2},"end":{"line":18,"column":3}}]},"1":{"loc":{"start":{"line":21,"column":2},"end":{"line":27,"column":3}},"type":"if","locations":[{"start":{"line":21,"column":2},"end":{"line":27,"column":3}}]}},"s":{"0":1,"1":1,"2":1,"3":1,"4":0,"5":1,"6":0,"7":1,"8":1},"f":{"0":1},"b":{"0":[0],"1":[0]}}
,"/home/marka/projects/users-backend-typescript/src/middlewares/notFound.middleware.ts": {"path":"/home/marka/projects/users-backend-typescript/src/middlewares/notFound.middleware.ts","statementMap":{"0":{"start":{"line":3,"column":24},"end":{"line":5,"column":1}},"1":{"start":{"line":4,"column":2},"end":{"line":4,"column":49}},"2":{"start":{"line":3,"column":13},"end":{"line":3,"column":24}}},"fnMap":{"0":{"name":"(anonymous_0)","decl":{"start":{"line":3,"column":24},"end":{"line":3,"column":25}},"loc":{"start":{"line":3,"column":57},"end":{"line":5,"column":1}}}},"branchMap":{},"s":{"0":1,"1":0,"2":1},"f":{"0":0},"b":{}}
,"/home/marka/projects/users-backend-typescript/src/middlewares/validate.middleware.ts": {"path":"/home/marka/projects/users-backend-typescript/src/middlewares/validate.middleware.ts","statementMap":{"0":{"start":{"line":4,"column":24},"end":{"line":16,"column":1}},"1":{"start":{"line":4,"column":52},"end":{"line":16,"column":1}},"2":{"start":{"line":5,"column":2},"end":{"line":15,"column":3}},"3":{"start":{"line":6,"column":23},"end":{"line":10,"column":6}},"4":{"start":{"line":11,"column":4},"end":{"line":11,"column":34}},"5":{"start":{"line":12,"column":4},"end":{"line":12,"column":11}},"6":{"start":{"line":14,"column":4},"end":{"line":14,"column":96}},"7":{"start":{"line":4,"column":13},"end":{"line":4,"column":24}}},"fnMap":{"0":{"name":"(anonymous_0)","decl":{"start":{"line":4,"column":24},"end":{"line":4,"column":25}},"loc":{"start":{"line":4,"column":52},"end":{"line":16,"column":1}}},"1":{"name":"(anonymous_1)","decl":{"start":{"line":4,"column":52},"end":{"line":4,"column":53}},"loc":{"start":{"line":4,"column":104},"end":{"line":16,"column":1}}}},"branchMap":{"0":{"loc":{"start":{"line":14,"column":43},"end":{"line":14,"column":92}},"type":"binary-expr","locations":[{"start":{"line":14,"column":43},"end":{"line":14,"column":54}},{"start":{"line":14,"column":58},"end":{"line":14,"column":70}},{"start":{"line":14,"column":74},"end":{"line":14,"column":92}}]}},"s":{"0":4,"1":12,"2":5,"3":5,"4":5,"5":5,"6":0,"7":4},"f":{"0":12,"1":5},"b":{"0":[0,0,0]}}
,"/home/marka/projects/users-backend-typescript/src/middlewares/validateObjectId.middleware.ts": {"path":"/home/marka/projects/users-backend-typescript/src/middlewares/validateObjectId.middleware.ts","statementMap":{"0":{"start":{"line":2,"column":0},"end":{"line":2,"column":32}},"1":{"start":{"line":6,"column":2},"end":{"line":13,"column":5}},"2":{"start":{"line":7,"column":4},"end":{"line":13,"column":5}},"3":{"start":{"line":8,"column":20},"end":{"line":8,"column":37}},"4":{"start":{"line":9,"column":6},"end":{"line":11,"column":7}},"5":{"start":{"line":10,"column":8},"end":{"line":10,"column":63}},"6":{"start":{"line":12,"column":6},"end":{"line":12,"column":13}},"7":{"start":{"line":4,"column":13},"end":{"line":4,"column":null}}},"fnMap":{"0":{"name":"(anonymous_1)","decl":{"start":{"line":6,"column":2},"end":{"line":6,"column":3}},"loc":{"start":{"line":7,"column":4},"end":{"line":13,"column":5}}},"1":{"name":"(anonymous_2)","decl":{"start":{"line":7,"column":4},"end":{"line":7,"column":5}},"loc":{"start":{"line":7,"column":56},"end":{"line":13,"column":5}}}},"branchMap":{"0":{"loc":{"start":{"line":6,"column":3},"end":{"line":6,"column":15}},"type":"default-arg","locations":[{"start":{"line":6,"column":11},"end":{"line":6,"column":15}}]},"1":{"loc":{"start":{"line":9,"column":6},"end":{"line":11,"column":7}},"type":"if","locations":[{"start":{"line":9,"column":6},"end":{"line":11,"column":7}}]},"2":{"loc":{"start":{"line":9,"column":10},"end":{"line":9,"column":59}},"type":"binary-expr","locations":[{"start":{"line":9,"column":10},"end":{"line":9,"column":16}},{"start":{"line":9,"column":20},"end":{"line":9,"column":59}}]}},"s":{"0":3,"1":3,"2":6,"3":0,"4":0,"5":0,"6":0,"7":3},"f":{"0":6,"1":0},"b":{"0":[0],"1":[0],"2":[0,0]}}
,"/home/marka/projects/users-backend-typescript/src/models/role.model.ts": {"path":"/home/marka/projects/users-backend-typescript/src/models/role.model.ts","statementMap":{"0":{"start":{"line":1,"column":0},"end":{"line":1,"column":58}},"1":{"start":{"line":10,"column":19},"end":{"line":17,"column":2}},"2":{"start":{"line":19,"column":0},"end":{"line":19,"column":48}}},"fnMap":{},"branchMap":{},"s":{"0":4,"1":4,"2":4},"f":{},"b":{}}
,"/home/marka/projects/users-backend-typescript/src/models/user.model.ts": {"path":"/home/marka/projects/users-backend-typescript/src/models/user.model.ts","statementMap":{"0":{"start":{"line":1,"column":0},"end":{"line":1,"column":58}},"1":{"start":{"line":18,"column":20},"end":{"line":18,"column":88}},"2":{"start":{"line":20,"column":19},"end":{"line":39,"column":2}},"3":{"start":{"line":41,"column":0},"end":{"line":41,"column":48}}},"fnMap":{},"branchMap":{},"s":{"0":4,"1":4,"2":4,"3":4},"f":{},"b":{}}
,"/home/marka/projects/users-backend-typescript/src/routes/auth.routes.ts": {"path":"/home/marka/projects/users-backend-typescript/src/routes/auth.routes.ts","statementMap":{"0":{"start":{"line":1,"column":0},"end":{"line":1,"column":33}},"1":{"start":{"line":2,"column":0},"end":{"line":2,"column":59}},"2":{"start":{"line":3,"column":0},"end":{"line":3,"column":62}},"3":{"start":{"line":4,"column":0},"end":{"line":4,"column":75}},"4":{"start":{"line":5,"column":0},"end":{"line":5,"column":62}},"5":{"start":{"line":7,"column":15},"end":{"line":7,"column":23}},"6":{"start":{"line":34,"column":0},"end":{"line":34,"column":70}},"7":{"start":{"line":59,"column":0},"end":{"line":59,"column":61}},"8":{"start":{"line":75,"column":0},"end":{"line":75,"column":45}},"9":{"start":{"line":92,"column":0},"end":{"line":92,"column":50}},"10":{"start":{"line":94,"column":0},"end":{"line":94,"column":22}}},"fnMap":{},"branchMap":{},"s":{"0":2,"1":2,"2":2,"3":2,"4":2,"5":2,"6":2,"7":2,"8":2,"9":2,"10":2},"f":{},"b":{}}
,"/home/marka/projects/users-backend-typescript/src/routes/role.routes.ts": {"path":"/home/marka/projects/users-backend-typescript/src/routes/role.routes.ts","statementMap":{"0":{"start":{"line":1,"column":0},"end":{"line":1,"column":33}},"1":{"start":{"line":2,"column":0},"end":{"line":2,"column":59}},"2":{"start":{"line":3,"column":0},"end":{"line":3,"column":62}},"3":{"start":{"line":4,"column":0},"end":{"line":4,"column":82}},"4":{"start":{"line":5,"column":0},"end":{"line":5,"column":62}},"5":{"start":{"line":6,"column":0},"end":{"line":6,"column":78}},"6":{"start":{"line":8,"column":15},"end":{"line":8,"column":23}},"7":{"start":{"line":22,"column":0},"end":{"line":22,"column":45}},"8":{"start":{"line":49,"column":0},"end":{"line":49,"column":76}},"9":{"start":{"line":82,"column":0},"end":{"line":82,"column":102}},"10":{"start":{"line":102,"column":0},"end":{"line":102,"column":77}},"11":{"start":{"line":104,"column":0},"end":{"line":104,"column":22}}},"fnMap":{},"branchMap":{},"s":{"0":2,"1":2,"2":2,"3":2,"4":2,"5":2,"6":2,"7":2,"8":2,"9":2,"10":2,"11":2},"f":{},"b":{}}
,"/home/marka/projects/users-backend-typescript/src/routes/user.routes.ts": {"path":"/home/marka/projects/users-backend-typescript/src/routes/user.routes.ts","statementMap":{"0":{"start":{"line":1,"column":0},"end":{"line":1,"column":33}},"1":{"start":{"line":2,"column":0},"end":{"line":2,"column":59}},"2":{"start":{"line":3,"column":0},"end":{"line":3,"column":62}},"3":{"start":{"line":4,"column":0},"end":{"line":4,"column":82}},"4":{"start":{"line":5,"column":0},"end":{"line":5,"column":78}},"5":{"start":{"line":9,"column":15},"end":{"line":9,"column":23}},"6":{"start":{"line":24,"column":0},"end":{"line":24,"column":33}},"7":{"start":{"line":46,"column":0},"end":{"line":46,"column":64}},"8":{"start":{"line":69,"column":0},"end":{"line":69,"column":52}},"9":{"start":{"line":102,"column":0},"end":{"line":102,"column":62}},"10":{"start":{"line":138,"column":0},"end":{"line":138,"column":70}},"11":{"start":{"line":161,"column":0},"end":{"line":161,"column":45}},"12":{"start":{"line":164,"column":0},"end":{"line":164,"column":22}}},"fnMap":{},"branchMap":{},"s":{"0":2,"1":2,"2":2,"3":2,"4":2,"5":2,"6":2,"7":2,"8":2,"9":2,"10":2,"11":2,"12":2},"f":{},"b":{}}
,"/home/marka/projects/users-backend-typescript/src/services/auth.service.ts": {"path":"/home/marka/projects/users-backend-typescript/src/services/auth.service.ts","statementMap":{"0":{"start":{"line":1,"column":0},"end":{"line":1,"column":40}},"1":{"start":{"line":2,"column":0},"end":{"line":2,"column":31}},"2":{"start":{"line":3,"column":0},"end":{"line":3,"column":28}},"3":{"start":{"line":4,"column":0},"end":{"line":4,"column":27}},"4":{"start":{"line":6,"column":0},"end":{"line":6,"column":60}},"5":{"start":{"line":8,"column":0},"end":{"line":8,"column":16}},"6":{"start":{"line":10,"column":19},"end":{"line":10,"column":56}},"7":{"start":{"line":11,"column":20},"end":{"line":11,"column":24}},"8":{"start":{"line":13,"column":24},"end":{"line":18,"column":1}},"9":{"start":{"line":15,"column":15},"end":{"line":15,"column":29}},"10":{"start":{"line":16,"column":2},"end":{"line":16,"column":20}},"11":{"start":{"line":17,"column":2},"end":{"line":17,"column":14}},"12":{"start":{"line":13,"column":13},"end":{"line":13,"column":24}},"13":{"start":{"line":20,"column":21},"end":{"line":30,"column":1}},"14":{"start":{"line":21,"column":15},"end":{"line":21,"column":65}},"15":{"start":{"line":22,"column":2},"end":{"line":22,"column":25}},"16":{"start":{"line":22,"column":13},"end":{"line":22,"column":25}},"17":{"start":{"line":24,"column":16},"end":{"line":24,"column":61}},"18":{"start":{"line":25,"column":2},"end":{"line":25,"column":26}},"19":{"start":{"line":25,"column":14},"end":{"line":25,"column":26}},"20":{"start":{"line":27,"column":31},"end":{"line":27,"column":102}},"21":{"start":{"line":28,"column":16},"end":{"line":28,"column":80}},"22":{"start":{"line":29,"column":2},"end":{"line":29,"column":25}},"23":{"start":{"line":20,"column":13},"end":{"line":20,"column":21}},"24":{"start":{"line":32,"column":27},"end":{"line":78,"column":1}},"25":{"start":{"line":33,"column":2},"end":{"line":77,"column":3}},"26":{"start":{"line":34,"column":4},"end":{"line":37,"column":5}},"27":{"start":{"line":36,"column":6},"end":{"line":36,"column":56}},"28":{"start":{"line":39,"column":23},"end":{"line":39,"column":57}},"29":{"start":{"line":41,"column":4},"end":{"line":43,"column":5}},"30":{"start":{"line":42,"column":6},"end":{"line":42,"column":59}},"31":{"start":{"line":45,"column":15},"end":{"line":45,"column":62}},"32":{"start":{"line":46,"column":4},"end":{"line":56,"column":5}},"33":{"start":{"line":55,"column":6},"end":{"line":55,"column":null}},"34":{"start":{"line":58,"column":18},"end":{"line":67,"column":null}},"35":{"start":{"line":70,"column":4},"end":{"line":73,"column":7}},"36":{"start":{"line":75,"column":4},"end":{"line":75,"column":45}},"37":{"start":{"line":76,"column":4},"end":{"line":76,"column":59}},"38":{"start":{"line":32,"column":13},"end":{"line":32,"column":27}}},"fnMap":{"0":{"name":"(anonymous_1)","decl":{"start":{"line":13,"column":24},"end":{"line":13,"column":29}},"loc":{"start":{"line":13,"column":44},"end":{"line":18,"column":1}}},"1":{"name":"(anonymous_2)","decl":{"start":{"line":20,"column":21},"end":{"line":20,"column":26}},"loc":{"start":{"line":20,"column":66},"end":{"line":30,"column":1}}},"2":{"name":"(anonymous_3)","decl":{"start":{"line":32,"column":27},"end":{"line":32,"column":32}},"loc":{"start":{"line":32,"column":51},"end":{"line":78,"column":1}}}},"branchMap":{"0":{"loc":{"start":{"line":10,"column":19},"end":{"line":10,"column":56}},"type":"binary-expr","locations":[{"start":{"line":10,"column":19},"end":{"line":10,"column":41}},{"start":{"line":10,"column":45},"end":{"line":10,"column":56}}]},"1":{"loc":{"start":{"line":22,"column":2},"end":{"line":22,"column":25}},"type":"if","locations":[{"start":{"line":22,"column":2},"end":{"line":22,"column":25}}]},"2":{"loc":{"start":{"line":25,"column":2},"end":{"line":25,"column":26}},"type":"if","locations":[{"start":{"line":25,"column":2},"end":{"line":25,"column":26}}]},"3":{"loc":{"start":{"line":27,"column":65},"end":{"line":27,"column":81}},"type":"binary-expr","locations":[{"start":{"line":27,"column":65},"end":{"line":27,"column":75}},{"start":{"line":27,"column":79},"end":{"line":27,"column":81}}]},"4":{"loc":{"start":{"line":34,"column":4},"end":{"line":37,"column":5}},"type":"if","locations":[{"start":{"line":34,"column":4},"end":{"line":37,"column":5}}]},"5":{"loc":{"start":{"line":41,"column":4},"end":{"line":43,"column":5}},"type":"if","locations":[{"start":{"line":41,"column":4},"end":{"line":43,"column":5}}]},"6":{"loc":{"start":{"line":46,"column":4},"end":{"line":56,"column":5}},"type":"if","locations":[{"start":{"line":46,"column":4},"end":{"line":56,"column":5}}]}},"s":{"0":2,"1":2,"2":2,"3":2,"4":2,"5":2,"6":2,"7":2,"8":2,"9":0,"10":0,"11":0,"12":2,"13":2,"14":2,"15":2,"16":0,"17":2,"18":2,"19":1,"20":1,"21":1,"22":1,"23":2,"24":2,"25":0,"26":0,"27":0,"28":0,"29":0,"30":0,"31":0,"32":0,"33":0,"34":0,"35":0,"36":0,"37":0,"38":2},"f":{"0":0,"1":2,"2":0},"b":{"0":[2,0],"1":[0],"2":[1],"3":[1,1],"4":[0],"5":[0],"6":[0]}}
,"/home/marka/projects/users-backend-typescript/src/services/role.service.ts": {"path":"/home/marka/projects/users-backend-typescript/src/services/role.service.ts","statementMap":{"0":{"start":{"line":1,"column":0},"end":{"line":1,"column":51}},"1":{"start":{"line":3,"column":26},"end":{"line":6,"column":1}},"2":{"start":{"line":4,"column":12},"end":{"line":4,"column":29}},"3":{"start":{"line":5,"column":2},"end":{"line":5,"column":18}},"4":{"start":{"line":3,"column":13},"end":{"line":3,"column":26}},"5":{"start":{"line":8,"column":28},"end":{"line":10,"column":1}},"6":{"start":{"line":9,"column":2},"end":{"line":9,"column":28}},"7":{"start":{"line":8,"column":13},"end":{"line":8,"column":28}},"8":{"start":{"line":12,"column":30},"end":{"line":14,"column":1}},"9":{"start":{"line":13,"column":2},"end":{"line":13,"column":42}},"10":{"start":{"line":12,"column":13},"end":{"line":12,"column":30}},"11":{"start":{"line":16,"column":28},"end":{"line":18,"column":1}},"12":{"start":{"line":17,"column":2},"end":{"line":17,"column":27}},"13":{"start":{"line":16,"column":13},"end":{"line":16,"column":28}},"14":{"start":{"line":20,"column":26},"end":{"line":23,"column":1}},"15":{"start":{"line":21,"column":2},"end":{"line":21,"column":27}},"16":{"start":{"line":22,"column":2},"end":{"line":22,"column":60}},"17":{"start":{"line":20,"column":13},"end":{"line":20,"column":26}},"18":{"start":{"line":25,"column":26},"end":{"line":27,"column":1}},"19":{"start":{"line":26,"column":2},"end":{"line":26,"column":36}},"20":{"start":{"line":25,"column":13},"end":{"line":25,"column":26}}},"fnMap":{"0":{"name":"(anonymous_1)","decl":{"start":{"line":3,"column":26},"end":{"line":3,"column":31}},"loc":{"start":{"line":3,"column":60},"end":{"line":6,"column":1}}},"1":{"name":"(anonymous_2)","decl":{"start":{"line":8,"column":28},"end":{"line":8,"column":33}},"loc":{"start":{"line":8,"column":39},"end":{"line":10,"column":1}}},"2":{"name":"(anonymous_3)","decl":{"start":{"line":12,"column":30},"end":{"line":12,"column":35}},"loc":{"start":{"line":12,"column":57},"end":{"line":14,"column":1}}},"3":{"name":"(anonymous_4)","decl":{"start":{"line":16,"column":28},"end":{"line":16,"column":33}},"loc":{"start":{"line":16,"column":49},"end":{"line":18,"column":1}}},"4":{"name":"(anonymous_5)","decl":{"start":{"line":20,"column":26},"end":{"line":20,"column":31}},"loc":{"start":{"line":20,"column":72},"end":{"line":23,"column":1}}},"5":{"name":"(anonymous_6)","decl":{"start":{"line":25,"column":26},"end":{"line":25,"column":31}},"loc":{"start":{"line":25,"column":47},"end":{"line":27,"column":1}}}},"branchMap":{},"s":{"0":2,"1":2,"2":1,"3":1,"4":2,"5":2,"6":1,"7":2,"8":2,"9":0,"10":2,"11":2,"12":0,"13":2,"14":2,"15":0,"16":0,"17":2,"18":2,"19":0,"20":2},"f":{"0":1,"1":1,"2":0,"3":0,"4":0,"5":0},"b":{}}
,"/home/marka/projects/users-backend-typescript/src/services/user.service.ts": {"path":"/home/marka/projects/users-backend-typescript/src/services/user.service.ts","statementMap":{"0":{"start":{"line":1,"column":0},"end":{"line":1,"column":51}},"1":{"start":{"line":2,"column":0},"end":{"line":2,"column":51}},"2":{"start":{"line":3,"column":0},"end":{"line":3,"column":43}},"3":{"start":{"line":4,"column":0},"end":{"line":4,"column":33}},"4":{"start":{"line":5,"column":0},"end":{"line":5,"column":28}},"5":{"start":{"line":6,"column":0},"end":{"line":6,"column":59}},"6":{"start":{"line":10,"column":13},"end":{"line":10,"column":73}},"7":{"start":{"line":17,"column":25},"end":{"line":20,"column":1}},"8":{"start":{"line":18,"column":16},"end":{"line":18,"column":39}},"9":{"start":{"line":19,"column":2},"end":{"line":19,"column":46}},"10":{"start":{"line":19,"column":24},"end":{"line":19,"column":44}},"11":{"start":{"line":17,"column":13},"end":{"line":17,"column":25}},"12":{"start":{"line":22,"column":28},"end":{"line":28,"column":1}},"13":{"start":{"line":23,"column":15},"end":{"line":23,"column":41}},"14":{"start":{"line":24,"column":2},"end":{"line":26,"column":3}},"15":{"start":{"line":25,"column":4},"end":{"line":25,"column":35}},"16":{"start":{"line":22,"column":13},"end":{"line":22,"column":28}},"17":{"start":{"line":30,"column":31},"end":{"line":35,"column":1}},"18":{"start":{"line":31,"column":15},"end":{"line":31,"column":47}},"19":{"start":{"line":32,"column":2},"end":{"line":34,"column":3}},"20":{"start":{"line":33,"column":4},"end":{"line":33,"column":35}},"21":{"start":{"line":30,"column":13},"end":{"line":30,"column":31}},"22":{"start":{"line":37,"column":34},"end":{"line":39,"column":1}},"23":{"start":{"line":38,"column":2},"end":{"line":38,"column":54}},"24":{"start":{"line":37,"column":13},"end":{"line":37,"column":34}},"25":{"start":{"line":43,"column":26},"end":{"line":67,"column":1}},"26":{"start":{"line":44,"column":2},"end":{"line":47,"column":3}},"27":{"start":{"line":45,"column":17},"end":{"line":45,"column":65}},"28":{"start":{"line":46,"column":4},"end":{"line":46,"column":28}},"29":{"start":{"line":49,"column":34},"end":{"line":49,"column":36}},"30":{"start":{"line":51,"column":2},"end":{"line":59,"column":3}},"31":{"start":{"line":52,"column":4},"end":{"line":52,"column":62}},"32":{"start":{"line":52,"column":38},"end":{"line":52,"column":60}},"33":{"start":{"line":54,"column":31},"end":{"line":54,"column":69}},"34":{"start":{"line":55,"column":4},"end":{"line":57,"column":5}},"35":{"start":{"line":56,"column":6},"end":{"line":56,"column":103}},"36":{"start":{"line":58,"column":4},"end":{"line":58,"column":27}},"37":{"start":{"line":62,"column":15},"end":{"line":65,"column":4}},"38":{"start":{"line":66,"column":2},"end":{"line":66,"column":33}},"39":{"start":{"line":43,"column":13},"end":{"line":43,"column":26}},"40":{"start":{"line":70,"column":26},"end":{"line":89,"column":1}},"41":{"start":{"line":71,"column":37},"end":{"line":71,"column":39}},"42":{"start":{"line":73,"column":2},"end":{"line":73,"column":80}},"43":{"start":{"line":73,"column":39},"end":{"line":73,"column":80}},"44":{"start":{"line":74,"column":2},"end":{"line":74,"column":77}},"45":{"start":{"line":74,"column":38},"end":{"line":74,"column":77}},"46":{"start":{"line":75,"column":2},"end":{"line":75,"column":68}},"47":{"start":{"line":75,"column":35},"end":{"line":75,"column":68}},"48":{"start":{"line":76,"column":2},"end":{"line":76,"column":74}},"49":{"start":{"line":76,"column":37},"end":{"line":76,"column":74}},"50":{"start":{"line":77,"column":2},"end":{"line":77,"column":68}},"51":{"start":{"line":77,"column":35},"end":{"line":77,"column":68}},"52":{"start":{"line":79,"column":2},"end":{"line":81,"column":3}},"53":{"start":{"line":80,"column":4},"end":{"line":80,"column":75}},"54":{"start":{"line":83,"column":2},"end":{"line":85,"column":3}},"55":{"start":{"line":84,"column":4},"end":{"line":84,"column":71}},"56":{"start":{"line":84,"column":47},"end":{"line":84,"column":69}},"57":{"start":{"line":87,"column":15},"end":{"line":87,"column":61}},"58":{"start":{"line":88,"column":2},"end":{"line":88,"column":47}},"59":{"start":{"line":70,"column":13},"end":{"line":70,"column":26}},"60":{"start":{"line":91,"column":26},"end":{"line":94,"column":1}},"61":{"start":{"line":92,"column":15},"end":{"line":92,"column":49}},"62":{"start":{"line":93,"column":2},"end":{"line":93,"column":14}},"63":{"start":{"line":91,"column":13},"end":{"line":91,"column":26}}},"fnMap":{"0":{"name":"(anonymous_10)","decl":{"start":{"line":17,"column":25},"end":{"line":17,"column":30}},"loc":{"start":{"line":17,"column":36},"end":{"line":20,"column":1}}},"1":{"name":"(anonymous_11)","decl":{"start":{"line":19,"column":19},"end":{"line":19,"column":20}},"loc":{"start":{"line":19,"column":24},"end":{"line":19,"column":44}}},"2":{"name":"(anonymous_12)","decl":{"start":{"line":22,"column":28},"end":{"line":22,"column":33}},"loc":{"start":{"line":22,"column":49},"end":{"line":28,"column":1}}},"3":{"name":"(anonymous_13)","decl":{"start":{"line":30,"column":31},"end":{"line":30,"column":36}},"loc":{"start":{"line":30,"column":55},"end":{"line":35,"column":1}}},"4":{"name":"(anonymous_14)","decl":{"start":{"line":37,"column":34},"end":{"line":37,"column":39}},"loc":{"start":{"line":37,"column":61},"end":{"line":39,"column":1}}},"5":{"name":"(anonymous_15)","decl":{"start":{"line":43,"column":26},"end":{"line":43,"column":31}},"loc":{"start":{"line":43,"column":68},"end":{"line":67,"column":1}}},"6":{"name":"(anonymous_16)","decl":{"start":{"line":52,"column":32},"end":{"line":52,"column":34}},"loc":{"start":{"line":52,"column":38},"end":{"line":52,"column":60}}},"7":{"name":"(anonymous_17)","decl":{"start":{"line":70,"column":26},"end":{"line":70,"column":31}},"loc":{"start":{"line":70,"column":77},"end":{"line":89,"column":1}}},"8":{"name":"(anonymous_18)","decl":{"start":{"line":84,"column":41},"end":{"line":84,"column":43}},"loc":{"start":{"line":84,"column":47},"end":{"line":84,"column":69}}},"9":{"name":"(anonymous_19)","decl":{"start":{"line":91,"column":26},"end":{"line":91,"column":31}},"loc":{"start":{"line":91,"column":53},"end":{"line":94,"column":1}}}},"branchMap":{"0":{"loc":{"start":{"line":10,"column":36},"end":{"line":10,"column":67}},"type":"binary-expr","locations":[{"start":{"line":10,"column":36},"end":{"line":10,"column":59}},{"start":{"line":10,"column":63},"end":{"line":10,"column":67}}]},"1":{"loc":{"start":{"line":24,"column":2},"end":{"line":26,"column":3}},"type":"if","locations":[{"start":{"line":24,"column":2},"end":{"line":26,"column":3}}]},"2":{"loc":{"start":{"line":32,"column":2},"end":{"line":34,"column":3}},"type":"if","locations":[{"start":{"line":32,"column":2},"end":{"line":34,"column":3}}]},"3":{"loc":{"start":{"line":44,"column":2},"end":{"line":47,"column":3}},"type":"if","locations":[{"start":{"line":44,"column":2},"end":{"line":47,"column":3}}]},"4":{"loc":{"start":{"line":51,"column":2},"end":{"line":59,"column":3}},"type":"if","locations":[{"start":{"line":51,"column":2},"end":{"line":59,"column":3}},{"start":{"line":53,"column":9},"end":{"line":59,"column":3}}]},"5":{"loc":{"start":{"line":51,"column":6},"end":{"line":51,"column":47}},"type":"binary-expr","locations":[{"start":{"line":51,"column":6},"end":{"line":51,"column":19}},{"start":{"line":51,"column":23},"end":{"line":51,"column":47}}]},"6":{"loc":{"start":{"line":55,"column":4},"end":{"line":57,"column":5}},"type":"if","locations":[{"start":{"line":55,"column":4},"end":{"line":57,"column":5}}]},"7":{"loc":{"start":{"line":73,"column":2},"end":{"line":73,"column":80}},"type":"if","locations":[{"start":{"line":73,"column":2},"end":{"line":73,"column":80}}]},"8":{"loc":{"start":{"line":74,"column":2},"end":{"line":74,"column":77}},"type":"if","locations":[{"start":{"line":74,"column":2},"end":{"line":74,"column":77}}]},"9":{"loc":{"start":{"line":75,"column":2},"end":{"line":75,"column":68}},"type":"if","locations":[{"start":{"line":75,"column":2},"end":{"line":75,"column":68}}]},"10":{"loc":{"start":{"line":76,"column":2},"end":{"line":76,"column":74}},"type":"if","locations":[{"start":{"line":76,"column":2},"end":{"line":76,"column":74}}]},"11":{"loc":{"start":{"line":77,"column":2},"end":{"line":77,"column":68}},"type":"if","locations":[{"start":{"line":77,"column":2},"end":{"line":77,"column":68}}]},"12":{"loc":{"start":{"line":79,"column":2},"end":{"line":81,"column":3}},"type":"if","locations":[{"start":{"line":79,"column":2},"end":{"line":81,"column":3}}]},"13":{"loc":{"start":{"line":83,"column":2},"end":{"line":85,"column":3}},"type":"if","locations":[{"start":{"line":83,"column":2},"end":{"line":85,"column":3}}]},"14":{"loc":{"start":{"line":88,"column":9},"end":{"line":88,"column":46}},"type":"cond-expr","locations":[{"start":{"line":88,"column":16},"end":{"line":88,"column":39}},{"start":{"line":88,"column":42},"end":{"line":88,"column":46}}]}},"s":{"0":3,"1":3,"2":3,"3":3,"4":3,"5":3,"6":3,"7":3,"8":1,"9":1,"10":1,"11":3,"12":3,"13":0,"14":0,"15":0,"16":3,"17":3,"18":0,"19":0,"20":0,"21":3,"22":3,"23":1,"24":3,"25":3,"26":4,"27":4,"28":4,"29":4,"30":4,"31":0,"32":0,"33":4,"34":4,"35":2,"36":4,"37":4,"38":3,"39":3,"40":3,"41":0,"42":0,"43":0,"44":0,"45":0,"46":0,"47":0,"48":0,"49":0,"50":0,"51":0,"52":0,"53":0,"54":0,"55":0,"56":0,"57":0,"58":0,"59":3,"60":3,"61":0,"62":0,"63":3},"f":{"0":1,"1":1,"2":0,"3":0,"4":1,"5":4,"6":0,"7":0,"8":0,"9":0},"b":{"0":[3,2],"1":[0],"2":[0],"3":[4],"4":[0,4],"5":[4,0],"6":[2],"7":[0],"8":[0],"9":[0],"10":[0],"11":[0],"12":[0],"13":[0],"14":[0,0]}}
,"/home/marka/projects/users-backend-typescript/src/utils/appError.ts": {"path":"/home/marka/projects/users-backend-typescript/src/utils/appError.ts","statementMap":{"0":{"start":{"line":6,"column":4},"end":{"line":6,"column":19}},"1":{"start":{"line":7,"column":4},"end":{"line":7,"column":33}},"2":{"start":{"line":8,"column":4},"end":{"line":8,"column":30}},"3":{"start":{"line":10,"column":4},"end":{"line":10,"column":52}},"4":{"start":{"line":1,"column":0},"end":{"line":1,"column":13}}},"fnMap":{"0":{"name":"(anonymous_0)","decl":{"start":{"line":5,"column":2},"end":{"line":5,"column":14}},"loc":{"start":{"line":5,"column":47},"end":{"line":11,"column":3}}}},"branchMap":{"0":{"loc":{"start":{"line":5,"column":31},"end":{"line":5,"column":47}},"type":"default-arg","locations":[{"start":{"line":5,"column":44},"end":{"line":5,"column":47}}]}},"s":{"0":0,"1":0,"2":0,"3":0,"4":1},"f":{"0":0},"b":{"0":[0]}}
,"/home/marka/projects/users-backend-typescript/src/utils/db.ts": {"path":"/home/marka/projects/users-backend-typescript/src/utils/db.ts","statementMap":{"0":{"start":{"line":1,"column":0},"end":{"line":1,"column":32}},"1":{"start":{"line":2,"column":0},"end":{"line":2,"column":28}},"2":{"start":{"line":3,"column":0},"end":{"line":3,"column":16}},"3":{"start":{"line":5,"column":18},"end":{"line":5,"column":82}},"4":{"start":{"line":7,"column":25},"end":{"line":15,"column":1}},"5":{"start":{"line":8,"column":2},"end":{"line":14,"column":3}},"6":{"start":{"line":9,"column":4},"end":{"line":9,"column":38}},"7":{"start":{"line":10,"column":4},"end":{"line":10,"column":37}},"8":{"start":{"line":12,"column":4},"end":{"line":12,"column":52}},"9":{"start":{"line":13,"column":4},"end":{"line":13,"column":20}},"10":{"start":{"line":7,"column":13},"end":{"line":7,"column":25}}},"fnMap":{"0":{"name":"(anonymous_1)","decl":{"start":{"line":7,"column":25},"end":{"line":7,"column":30}},"loc":{"start":{"line":7,"column":36},"end":{"line":15,"column":1}}}},"branchMap":{"0":{"loc":{"start":{"line":5,"column":18},"end":{"line":5,"column":82}},"type":"binary-expr","locations":[{"start":{"line":5,"column":18},"end":{"line":5,"column":39}},{"start":{"line":5,"column":43},"end":{"line":5,"column":82}}]}},"s":{"0":1,"1":1,"2":1,"3":1,"4":1,"5":1,"6":1,"7":1,"8":0,"9":0,"10":1},"f":{"0":1},"b":{"0":[1,0]}}
,"/home/marka/projects/users-backend-typescript/src/utils/googleVerify.ts": {"path":"/home/marka/projects/users-backend-typescript/src/utils/googleVerify.ts","statementMap":{"0":{"start":{"line":15,"column":0},"end":{"line":15,"column":7}},"1":{"start":{"line":1,"column":0},"end":{"line":1,"column":51}},"2":{"start":{"line":3,"column":25},"end":{"line":3,"column":59}},"3":{"start":{"line":5,"column":15},"end":{"line":5,"column":49}},"4":{"start":{"line":16,"column":17},"end":{"line":19,"column":4}},"5":{"start":{"line":21,"column":18},"end":{"line":21,"column":37}},"6":{"start":{"line":23,"column":2},"end":{"line":25,"column":3}},"7":{"start":{"line":24,"column":4},"end":{"line":24,"column":50}},"8":{"start":{"line":27,"column":2},"end":{"line":27,"column":38}}},"fnMap":{"0":{"name":"verifyGoogleIdToken","decl":{"start":{"line":15,"column":22},"end":{"line":15,"column":41}},"loc":{"start":{"line":15,"column":57},"end":{"line":28,"column":1}}}},"branchMap":{"0":{"loc":{"start":{"line":3,"column":25},"end":{"line":3,"column":59}},"type":"binary-expr","locations":[{"start":{"line":3,"column":25},"end":{"line":3,"column":53}},{"start":{"line":3,"column":57},"end":{"line":3,"column":59}}]},"1":{"loc":{"start":{"line":23,"column":2},"end":{"line":25,"column":3}},"type":"if","locations":[{"start":{"line":23,"column":2},"end":{"line":25,"column":3}}]}},"s":{"0":2,"1":2,"2":2,"3":2,"4":0,"5":0,"6":0,"7":0,"8":0},"f":{"0":0},"b":{"0":[2,1],"1":[0]}}
,"/home/marka/projects/users-backend-typescript/src/validators/auth.validator.ts": {"path":"/home/marka/projects/users-backend-typescript/src/validators/auth.validator.ts","statementMap":{"0":{"start":{"line":1,"column":0},"end":{"line":1,"column":24}},"1":{"start":{"line":3,"column":13},"end":{"line":9,"column":3}},"2":{"start":{"line":11,"column":13},"end":{"line":14,"column":3}}},"fnMap":{},"branchMap":{},"s":{"0":2,"1":2,"2":2},"f":{},"b":{}}
,"/home/marka/projects/users-backend-typescript/src/validators/role.validator.ts": {"path":"/home/marka/projects/users-backend-typescript/src/validators/role.validator.ts","statementMap":{"0":{"start":{"line":1,"column":0},"end":{"line":1,"column":24}},"1":{"start":{"line":3,"column":13},"end":{"line":7,"column":3}},"2":{"start":{"line":9,"column":13},"end":{"line":9,"column":59}}},"fnMap":{},"branchMap":{},"s":{"0":2,"1":2,"2":2},"f":{},"b":{}}
,"/home/marka/projects/users-backend-typescript/src/validators/user.validator.ts": {"path":"/home/marka/projects/users-backend-typescript/src/validators/user.validator.ts","statementMap":{"0":{"start":{"line":1,"column":0},"end":{"line":1,"column":24}},"1":{"start":{"line":3,"column":13},"end":{"line":6,"column":3}},"2":{"start":{"line":8,"column":13},"end":{"line":14,"column":3}},"3":{"start":{"line":16,"column":13},"end":{"line":25,"column":3}},"4":{"start":{"line":27,"column":13},"end":{"line":27,"column":59}}},"fnMap":{},"branchMap":{},"s":{"0":2,"1":2,"2":2,"3":2,"4":2},"f":{},"b":{}}
}
