TN:
SF:src/app.ts
FNF:0
FNH:0
DA:1,1
DA:2,1
DA:3,1
DA:4,1
DA:5,1
DA:6,1
DA:7,1
DA:8,1
DA:9,1
DA:10,1
DA:12,1
DA:14,1
DA:16,1
DA:18,1
DA:19,1
DA:20,1
DA:22,1
DA:27,1
DA:28,1
DA:29,1
DA:31,1
DA:32,1
DA:34,1
LF:23
LH:23
BRF:0
BRH:0
end_of_record
TN:
SF:src/swagger.ts
FN:46,(anonymous_1)
FNF:1
FNH:1
FNDA:1,(anonymous_1)
DA:1,1
DA:2,1
DA:3,1
DA:5,1
DA:6,1
DA:8,1
DA:44,1
DA:46,1
DA:47,1
LF:9
LH:9
BRF:0
BRH:0
end_of_record
TN:
SF:src/controllers/auth.controller.ts
FN:5,(anonymous_9)
FN:15,(anonymous_10)
FN:24,(anonymous_11)
FN:30,(anonymous_12)
FNF:4
FNH:2
FNDA:1,(anonymous_9)
FNDA:2,(anonymous_10)
FNDA:0,(anonymous_11)
FNDA:0,(anonymous_12)
DA:2,2
DA:3,2
DA:5,2
DA:6,1
DA:7,1
DA:8,1
DA:9,1
DA:11,0
DA:12,1
DA:15,2
DA:16,2
DA:17,2
DA:18,2
DA:19,2
DA:20,1
DA:21,0
DA:24,2
DA:25,0
DA:26,0
DA:27,0
DA:30,2
DA:31,0
DA:32,0
DA:33,0
DA:34,0
DA:35,0
DA:37,0
LF:27
LH:16
BRDA:8,0,0,0
BRDA:19,1,0,1
BRDA:26,2,0,0
BRDA:34,3,0,0
BRF:4
BRH:1
end_of_record
TN:
SF:src/controllers/role.controller.ts
FN:4,(anonymous_9)
FN:11,(anonymous_10)
FN:18,(anonymous_11)
FN:25,(anonymous_12)
FNF:4
FNH:2
FNDA:1,(anonymous_9)
FNDA:1,(anonymous_10)
FNDA:0,(anonymous_11)
FNDA:0,(anonymous_12)
DA:2,2
DA:4,2
DA:5,1
DA:6,1
DA:7,1
DA:8,0
DA:11,2
DA:12,1
DA:13,1
DA:14,1
DA:15,0
DA:18,2
DA:19,0
DA:20,0
DA:21,0
DA:22,0
DA:25,2
DA:26,0
DA:27,0
DA:28,0
DA:29,0
LF:21
LH:11
BRF:0
BRH:0
end_of_record
TN:
SF:src/controllers/user.controller.ts
FN:6,(anonymous_9)
FN:15,(anonymous_10)
FN:26,(anonymous_11)
FN:37,(anonymous_12)
FN:50,(anonymous_13)
FN:67,(anonymous_14)
FNF:6
FNH:2
FNDA:1,(anonymous_9)
FNDA:0,(anonymous_10)
FNDA:0,(anonymous_11)
FNDA:1,(anonymous_12)
FNDA:0,(anonymous_13)
FNDA:0,(anonymous_14)
DA:2,2
DA:6,2
DA:7,1
DA:8,1
DA:9,1
DA:11,0
DA:15,2
DA:16,0
DA:17,0
DA:18,0
DA:19,0
DA:20,0
DA:22,0
DA:26,2
DA:27,0
DA:28,0
DA:29,0
DA:30,0
DA:31,0
DA:33,0
DA:37,2
DA:38,1
DA:39,1
DA:40,1
DA:41,1
DA:42,0
DA:44,1
DA:46,0
DA:50,2
DA:51,0
DA:52,0
DA:53,0
DA:55,0
DA:57,0
DA:58,0
DA:61,0
DA:63,0
DA:67,2
DA:68,0
DA:69,0
DA:70,0
DA:71,0
DA:72,0
DA:74,0
DA:76,0
LF:45
LH:15
BRDA:19,0,0,0
BRDA:30,1,0,0
BRDA:41,2,0,0
BRDA:57,3,0,0
BRDA:71,4,0,0
BRF:5
BRH:0
end_of_record
TN:
SF:src/dao/user.dao.ts
FN:9,(anonymous_1)
FN:13,(anonymous_2)
FN:17,(anonymous_3)
FN:21,(anonymous_4)
FN:26,(anonymous_5)
FN:30,(anonymous_6)
FNF:6
FNH:2
FNDA:1,(anonymous_1)
FNDA:0,(anonymous_2)
FNDA:0,(anonymous_3)
FNDA:4,(anonymous_4)
FNDA:0,(anonymous_5)
FNDA:0,(anonymous_6)
DA:1,3
DA:9,3
DA:10,1
DA:13,3
DA:14,0
DA:17,3
DA:18,0
DA:21,3
DA:22,4
DA:23,4
DA:26,3
DA:27,0
DA:30,3
DA:31,0
DA:32,0
LF:15
LH:10
BRF:0
BRH:0
end_of_record
TN:
SF:src/mappers/role.mapper.ts
FN:4,(anonymous_0)
FNF:1
FNH:1
FNDA:3,(anonymous_0)
DA:3,3
DA:5,3
LF:2
LH:2
BRF:0
BRH:0
end_of_record
TN:
SF:src/mappers/user.mapper.ts
FN:5,(anonymous_0)
FN:14,(anonymous_1)
FN:20,(anonymous_2)
FNF:3
FNH:2
FNDA:4,(anonymous_0)
FNDA:0,(anonymous_1)
FNDA:3,(anonymous_2)
DA:3,3
DA:5,3
DA:6,4
DA:14,0
DA:20,3
LF:5
LH:4
BRDA:9,0,0,4
BRDA:9,0,1,0
BRDA:10,1,0,4
BRDA:10,1,1,0
BRDA:11,2,0,4
BRDA:11,2,1,0
BRDA:12,3,0,4
BRDA:12,3,1,3
BRDA:13,4,0,4
BRDA:13,4,1,4
BRF:10
BRH:7
end_of_record
TN:
SF:src/middlewares/auth.middleware.ts
FN:28,(anonymous_1)
FNF:1
FNH:1
FNDA:2,(anonymous_1)
DA:2,3
DA:3,3
DA:4,3
DA:22,3
DA:24,3
DA:25,0
DA:28,3
DA:39,2
DA:41,2
DA:42,0
DA:43,0
DA:46,2
DA:48,2
DA:49,0
DA:52,2
DA:53,2
DA:54,2
DA:55,2
DA:57,0
LF:19
LH:14
BRDA:24,0,0,0
BRDA:41,1,0,0
BRDA:41,2,0,2
BRDA:41,2,1,2
BRDA:48,3,0,0
BRF:5
BRH:2
end_of_record
TN:
SF:src/middlewares/error.middleware.ts
FN:4,(anonymous_0)
FNF:1
FNH:1
FNDA:1,(anonymous_0)
DA:2,1
DA:4,1
DA:10,1
DA:13,1
DA:14,0
DA:21,1
DA:22,0
DA:30,1
LF:8
LH:6
BRDA:13,0,0,0
BRDA:21,1,0,0
BRF:2
BRH:0
end_of_record
TN:
SF:src/middlewares/notFound.middleware.ts
FN:3,(anonymous_0)
FNF:1
FNH:0
FNDA:0,(anonymous_0)
DA:3,1
DA:4,0
LF:2
LH:1
BRF:0
BRH:0
end_of_record
TN:
SF:src/middlewares/validate.middleware.ts
FN:4,(anonymous_0)
FN:4,(anonymous_1)
FNF:2
FNH:2
FNDA:12,(anonymous_0)
FNDA:5,(anonymous_1)
DA:4,12
DA:5,5
DA:6,5
DA:11,5
DA:12,5
DA:14,0
LF:6
LH:5
BRDA:14,0,0,0
BRDA:14,0,1,0
BRDA:14,0,2,0
BRF:3
BRH:0
end_of_record
TN:
SF:src/middlewares/validateObjectId.middleware.ts
FN:6,(anonymous_1)
FN:7,(anonymous_2)
FNF:2
FNH:1
FNDA:6,(anonymous_1)
FNDA:0,(anonymous_2)
DA:2,3
DA:4,3
DA:6,3
DA:7,6
DA:8,0
DA:9,0
DA:10,0
DA:12,0
LF:8
LH:4
BRDA:6,0,0,0
BRDA:9,1,0,0
BRDA:9,2,0,0
BRDA:9,2,1,0
BRF:4
BRH:0
end_of_record
TN:
SF:src/models/role.model.ts
FNF:0
FNH:0
DA:1,4
DA:10,4
DA:19,4
LF:3
LH:3
BRF:0
BRH:0
end_of_record
TN:
SF:src/models/user.model.ts
FNF:0
FNH:0
DA:1,4
DA:18,4
DA:20,4
DA:41,4
LF:4
LH:4
BRF:0
BRH:0
end_of_record
TN:
SF:src/routes/auth.routes.ts
FNF:0
FNH:0
DA:1,2
DA:2,2
DA:3,2
DA:4,2
DA:5,2
DA:7,2
DA:34,2
DA:59,2
DA:75,2
DA:92,2
DA:94,2
LF:11
LH:11
BRF:0
BRH:0
end_of_record
TN:
SF:src/routes/role.routes.ts
FNF:0
FNH:0
DA:1,2
DA:2,2
DA:3,2
DA:4,2
DA:5,2
DA:6,2
DA:8,2
DA:22,2
DA:49,2
DA:82,2
DA:102,2
DA:104,2
LF:12
LH:12
BRF:0
BRH:0
end_of_record
TN:
SF:src/routes/user.routes.ts
FNF:0
FNH:0
DA:1,2
DA:2,2
DA:3,2
DA:4,2
DA:5,2
DA:9,2
DA:24,2
DA:46,2
DA:69,2
DA:102,2
DA:138,2
DA:161,2
DA:164,2
LF:13
LH:13
BRF:0
BRH:0
end_of_record
TN:
SF:src/services/auth.service.ts
FN:13,(anonymous_1)
FN:20,(anonymous_2)
FN:32,(anonymous_3)
FNF:3
FNH:1
FNDA:0,(anonymous_1)
FNDA:2,(anonymous_2)
FNDA:0,(anonymous_3)
DA:1,2
DA:2,2
DA:3,2
DA:4,2
DA:6,2
DA:8,2
DA:10,2
DA:11,2
DA:13,2
DA:15,0
DA:16,0
DA:17,0
DA:20,2
DA:21,2
DA:22,2
DA:24,2
DA:25,2
DA:27,1
DA:28,1
DA:29,1
DA:32,2
DA:33,0
DA:34,0
DA:36,0
DA:39,0
DA:41,0
DA:42,0
DA:45,0
DA:46,0
DA:55,0
DA:58,0
DA:70,0
DA:75,0
DA:76,0
LF:34
LH:18
BRDA:10,0,0,2
BRDA:10,0,1,0
BRDA:22,1,0,0
BRDA:25,2,0,1
BRDA:27,3,0,1
BRDA:27,3,1,1
BRDA:34,4,0,0
BRDA:41,5,0,0
BRDA:46,6,0,0
BRF:9
BRH:4
end_of_record
TN:
SF:src/services/role.service.ts
FN:3,(anonymous_1)
FN:8,(anonymous_2)
FN:12,(anonymous_3)
FN:16,(anonymous_4)
FN:20,(anonymous_5)
FN:25,(anonymous_6)
FNF:6
FNH:2
FNDA:1,(anonymous_1)
FNDA:1,(anonymous_2)
FNDA:0,(anonymous_3)
FNDA:0,(anonymous_4)
FNDA:0,(anonymous_5)
FNDA:0,(anonymous_6)
DA:1,2
DA:3,2
DA:4,1
DA:5,1
DA:8,2
DA:9,1
DA:12,2
DA:13,0
DA:16,2
DA:17,0
DA:20,2
DA:21,0
DA:22,0
DA:25,2
DA:26,0
LF:15
LH:10
BRF:0
BRH:0
end_of_record
TN:
SF:src/services/user.service.ts
FN:17,(anonymous_10)
FN:19,(anonymous_11)
FN:22,(anonymous_12)
FN:30,(anonymous_13)
FN:37,(anonymous_14)
FN:43,(anonymous_15)
FN:52,(anonymous_16)
FN:70,(anonymous_17)
FN:84,(anonymous_18)
FN:91,(anonymous_19)
FNF:10
FNH:4
FNDA:1,(anonymous_10)
FNDA:1,(anonymous_11)
FNDA:0,(anonymous_12)
FNDA:0,(anonymous_13)
FNDA:1,(anonymous_14)
FNDA:4,(anonymous_15)
FNDA:0,(anonymous_16)
FNDA:0,(anonymous_17)
FNDA:0,(anonymous_18)
FNDA:0,(anonymous_19)
DA:1,3
DA:2,3
DA:3,3
DA:4,3
DA:5,3
DA:6,3
DA:10,3
DA:17,3
DA:18,1
DA:19,1
DA:22,3
DA:23,0
DA:24,0
DA:25,0
DA:30,3
DA:31,0
DA:32,0
DA:33,0
DA:37,3
DA:38,1
DA:43,3
DA:44,4
DA:45,4
DA:46,4
DA:49,4
DA:51,4
DA:52,0
DA:54,4
DA:55,4
DA:56,2
DA:58,4
DA:62,4
DA:66,3
DA:70,3
DA:71,0
DA:73,0
DA:74,0
DA:75,0
DA:76,0
DA:77,0
DA:79,0
DA:80,0
DA:83,0
DA:84,0
DA:87,0
DA:88,0
DA:91,3
DA:92,0
DA:93,0
LF:49
LH:28
BRDA:10,0,0,3
BRDA:10,0,1,2
BRDA:24,1,0,0
BRDA:32,2,0,0
BRDA:44,3,0,4
BRDA:51,4,0,0
BRDA:51,4,1,4
BRDA:51,5,0,4
BRDA:51,5,1,0
BRDA:55,6,0,2
BRDA:73,7,0,0
BRDA:74,8,0,0
BRDA:75,9,0,0
BRDA:76,10,0,0
BRDA:77,11,0,0
BRDA:79,12,0,0
BRDA:83,13,0,0
BRDA:88,14,0,0
BRDA:88,14,1,0
BRF:19
BRH:6
end_of_record
TN:
SF:src/utils/appError.ts
FN:5,(anonymous_0)
FNF:1
FNH:0
FNDA:0,(anonymous_0)
DA:1,1
DA:6,0
DA:7,0
DA:8,0
DA:10,0
LF:5
LH:1
BRDA:5,0,0,0
BRF:1
BRH:0
end_of_record
TN:
SF:src/utils/db.ts
FN:7,(anonymous_1)
FNF:1
FNH:1
FNDA:1,(anonymous_1)
DA:1,1
DA:2,1
DA:3,1
DA:5,1
DA:7,1
DA:8,1
DA:9,1
DA:10,1
DA:12,0
DA:13,0
LF:10
LH:8
BRDA:5,0,0,1
BRDA:5,0,1,0
BRF:2
BRH:1
end_of_record
TN:
SF:src/utils/googleVerify.ts
FN:15,verifyGoogleIdToken
FNF:1
FNH:0
FNDA:0,verifyGoogleIdToken
DA:1,2
DA:3,2
DA:5,2
DA:15,2
DA:16,0
DA:21,0
DA:23,0
DA:24,0
DA:27,0
LF:9
LH:4
BRDA:3,0,0,2
BRDA:3,0,1,1
BRDA:23,1,0,0
BRF:3
BRH:2
end_of_record
TN:
SF:src/validators/auth.validator.ts
FNF:0
FNH:0
DA:1,2
DA:3,2
DA:11,2
LF:3
LH:3
BRF:0
BRH:0
end_of_record
TN:
SF:src/validators/role.validator.ts
FNF:0
FNH:0
DA:1,2
DA:3,2
DA:9,2
LF:3
LH:3
BRF:0
BRH:0
end_of_record
TN:
SF:src/validators/user.validator.ts
FNF:0
FNH:0
DA:1,2
DA:3,2
DA:8,2
DA:16,2
DA:27,2
LF:5
LH:5
BRF:0
BRH:0
end_of_record
